<?xml version="1.0" encoding="UTF-8"?>
<testsuite xmlns:xsi="http://www.w3.org/2001/XMLSchema-instance" xsi:noNamespaceSchemaLocation="https://maven.apache.org/surefire/maven-surefire-plugin/xsd/surefire-test-report-3.0.xsd" version="3.0" name="runners.Testrunners" time="11.062" tests="1" errors="0" skipped="0" failures="0">
  <properties>
[...]
</properties>
  <testcase name="Display the Input" classname="Input Workflow" time="10.084">
    <system-out><![CDATA[
Scenario: Display the Input  &amp#27;[90m# src/test/resources/printinput.feature:3&amp#27;[0m
  &amp#27;[32mGiven &amp#27;[0m&amp#27;[32mOpen the application&amp#27;[0m &amp#27;[90m# stepdefinitions.printinput.open_the_application()&amp#27;[0m
  &amp#27;[32mWhen &amp#27;[0m&amp#27;[32mSelect the task&amp#27;[0m       &amp#27;[90m# stepdefinitions.printinput.select_the_task()&amp#27;[0m
Screenshot saved at: C:\Users\mbalachandrababu\source\repos\BDD_CUCU_WEB_01\screenshots\Input_20250328_131220.png
  &amp#27;[32mThen &amp#27;[0m&amp#27;[32mSelect the value&amp#27;[0m      &amp#27;[90m# stepdefinitions.printinput.select_the_value()&amp#27;[0m
]]></system-out>
    <system-err><![CDATA[Mar 28, 2025 1:12:16 PM org.openqa.selenium.devtools.CdpVersionFinder findNearestMatch
WARNING: Unable to find an exact match for CDP version 134, returning the closest version; found: 133; Please update to a Selenium version that supports CDP version 134
]]></system-err>
  </testcase>
</testsuite>